<?xml version="1.0" encoding="UTF-8"?>
<testsuite xmlns:xsi="http://www.w3.org/2001/XMLSchema-instance" xsi:noNamespaceSchemaLocation="https://maven.apache.org/surefire/maven-surefire-plugin/xsd/surefire-test-report-3.0.xsd" version="3.0" name="TestCases.ProjectManagerServiceTest" time="3.872" tests="13" errors="0" skipped="0" failures="0">
  <properties>
[...]
</properties>
  <testcase name="testGetAllTasks" classname="TestCases.ProjectManagerServiceTest" time="3.625">
    <system-out><![CDATA[2024-07-12 18:18:42 INFO  o.e.Service.ProjectManagerService - Fetching all tasks
]]></system-out>
    <system-err><![CDATA[WARNING: A Java agent has been loaded dynamically (C:\Users\gguru\.m2\repository\net\bytebuddy\byte-buddy-agent\1.14.15\byte-buddy-agent-1.14.15.jar)
WARNING: If a serviceability tool is in use, please run with -XX:+EnableDynamicAgentLoading to hide this warning
WARNING: If a serviceability tool is not in use, please run with -Djdk.instrument.traceUsage for more information
WARNING: Dynamic loading of agents will be disallowed by default in a future release
SLF4J(I): Connected with provider of type [ch.qos.logback.classic.spi.LogbackServiceProvider]
]]></system-err>
  </testcase>
  <testcase name="testUpdateTask" classname="TestCases.ProjectManagerServiceTest" time="0.025">
    <system-out><![CDATA[2024-07-12 18:18:42 INFO  o.e.Service.ProjectManagerService - Updating a task
]]></system-out>
  </testcase>
  <testcase name="testGetAllClients" classname="TestCases.ProjectManagerServiceTest" time="0.011">
    <system-out><![CDATA[2024-07-12 18:18:42 INFO  o.e.Service.ProjectManagerService - Fetching all clients
]]></system-out>
  </testcase>
  <testcase name="testGetProjectsByClientId" classname="TestCases.ProjectManagerServiceTest" time="0.012">
    <system-out><![CDATA[2024-07-12 18:18:42 INFO  o.e.Service.ProjectManagerService - Fetching projects for client 1
]]></system-out>
  </testcase>
  <testcase name="testAssignTaskToTeamMember" classname="TestCases.ProjectManagerServiceTest" time="0.015">
    <system-out><![CDATA[2024-07-12 18:18:42 INFO  o.e.Service.ProjectManagerService - Assigning task 1 to team member 1
]]></system-out>
  </testcase>
  <testcase name="testAddProject" classname="TestCases.ProjectManagerServiceTest" time="0.009">
    <system-out><![CDATA[2024-07-12 18:18:42 INFO  o.e.Service.ProjectManagerService - Adding a project
]]></system-out>
  </testcase>
  <testcase name="testGetUserById" classname="TestCases.ProjectManagerServiceTest" time="0.008">
    <system-out><![CDATA[2024-07-12 18:18:42 INFO  o.e.Service.ProjectManagerService - Fetching user by ID 1
]]></system-out>
  </testcase>
  <testcase name="testGetAllProjects" classname="TestCases.ProjectManagerServiceTest" time="0.007">
    <system-out><![CDATA[2024-07-12 18:18:42 INFO  o.e.Service.ProjectManagerService - Fetching all projects
]]></system-out>
  </testcase>
  <testcase name="testGetAvailableTeamMembers" classname="TestCases.ProjectManagerServiceTest" time="0.007">
    <system-out><![CDATA[2024-07-12 18:18:42 INFO  o.e.Service.ProjectManagerService - Fetching available team members
]]></system-out>
  </testcase>
  <testcase name="testGetTeamMembers" classname="TestCases.ProjectManagerServiceTest" time="0.009">
    <system-out><![CDATA[2024-07-12 18:18:42 INFO  o.e.Service.ProjectManagerService - Fetching team members
]]></system-out>
  </testcase>
  <testcase name="testResetPassword" classname="TestCases.ProjectManagerServiceTest" time="0.007">
    <system-out><![CDATA[2024-07-12 18:18:42 INFO  o.e.Service.ProjectManagerService - Resetting password for user 1
]]></system-out>
  </testcase>
  <testcase name="testGetTasksByUserId" classname="TestCases.ProjectManagerServiceTest" time="0.009">
    <system-out><![CDATA[2024-07-12 18:18:42 INFO  o.e.Service.ProjectManagerService - Fetching tasks by user ID 1
]]></system-out>
  </testcase>
  <testcase name="testGetAllProjectManagers" classname="TestCases.ProjectManagerServiceTest" time="0.006">
    <system-out><![CDATA[2024-07-12 18:18:42 INFO  o.e.Service.ProjectManagerService - Fetching all project managers
]]></system-out>
  </testcase>
</testsuite>