<?xml version="1.0" encoding="UTF-8"?>
<testsuite xmlns:xsi="http://www.w3.org/2001/XMLSchema-instance" xsi:noNamespaceSchemaLocation="https://maven.apache.org/surefire/maven-surefire-plugin/xsd/surefire-test-report-3.0.xsd" version="3.0" name="TestCases.TeamMemberServiceTest" time="0.136" tests="4" errors="0" skipped="0" failures="0">
  <properties>
[...]
</properties>
  <testcase name="testUpdateTaskStatus" classname="TestCases.TeamMemberServiceTest" time="0.114">
    <system-out><![CDATA[2024-07-12 18:18:42 INFO  o.example.Service.TeamMemberService - Updating task status. Task ID: 1, Status: Completed
2024-07-12 18:18:42 INFO  o.example.Service.TeamMemberService - Successfully updated task status. Task ID: 1, Status: Completed
]]></system-out>
  </testcase>
  <testcase name="testGetProjectsByUserId" classname="TestCases.TeamMemberServiceTest" time="0.006">
    <system-out><![CDATA[2024-07-12 18:18:42 INFO  o.example.Service.TeamMemberService - Fetching projects for user ID: 1
2024-07-12 18:18:42 INFO  o.example.Service.TeamMemberService - Successfully fetched projects for user ID: 1
]]></system-out>
  </testcase>
  <testcase name="testGetClientsByUserId" classname="TestCases.TeamMemberServiceTest" time="0.004">
    <system-out><![CDATA[2024-07-12 18:18:42 INFO  o.example.Service.TeamMemberService - Fetching clients for user ID: 1
2024-07-12 18:18:42 INFO  o.example.Service.TeamMemberService - Successfully fetched clients for user ID: 1
]]></system-out>
  </testcase>
  <testcase name="testGetTasksByAssignedUserId" classname="TestCases.TeamMemberServiceTest" time="0.005">
    <system-out><![CDATA[2024-07-12 18:18:42 INFO  o.example.Service.TeamMemberService - Fetching tasks for assigned user ID: 1
2024-07-12 18:18:42 INFO  o.example.Service.TeamMemberService - Successfully fetched tasks for assigned user ID: 1
]]></system-out>
  </testcase>
</testsuite>